{
  "RSpec": {
    "coverage": {
      "/Users/unaimotriko/projects/weekly_challenges/bookmark_manager/spec/creating_links_spec.rb": [
        null,
        1,
        1,
        1,
        1,
        1,
        null,
        1,
        1,
        1,
        null,
        null,
        null
      ],
      "/Users/unaimotriko/projects/weekly_challenges/bookmark_manager/spec/feature_test_spec.rb": [
        1,
        null,
        1,
        1,
        1,
        1,
        1,
        null,
        1,
        null,
        null,
        null,
        null,
        1,
        1,
        4,
        null,
        null
      ],
      "/Users/unaimotriko/projects/weekly_challenges/bookmark_manager/spec/sign_up_spec.rb": [
        1,
        null,
        1,
        1,
        1,
        0,
        null,
        null
      ],
      "/Users/unaimotriko/projects/weekly_challenges/bookmark_manager/spec/tags_spec.rb": [
        1,
        1,
        1,
        1,
        1,
        1,
        null,
        null,
        null,
        1,
        1,
        1,
        null,
        1,
        null,
        1,
        null,
        1,
        null,
        null,
        1,
        1,
        1,
        1,
        1,
        1,
        1,
        1,
        null,
        null,
        null,
        null,
        1,
        1,
        1,
        1,
        1,
        1,
        1,
        1,
        null,
        null,
        null
      ],
      "/Users/unaimotriko/projects/weekly_challenges/bookmark_manager/spec/viewing_links_spec.rb": [
        1,
        null,
        1,
        1,
        1,
        1,
        1,
        1,
        1,
        1,
        null,
        null,
        null,
        null
      ]
    },
    "timestamp": 1493998726
  }
}
